<?xml version="1.0" encoding="UTF-8"?>
<!-- Generated by org.testng.reporters.JUnitReportReporter -->
<testsuite hostname="DESKTOP-3O9T5AI" failures="0" tests="4" name="com.ecommerceDomain.Scripts.TestCase2" time="87.611" errors="0" timestamp="2022-08-30T12:42:01 IST" skipped="0">
  <testcase classname="com.ecommerceDomain.Scripts.TestCase2" name="testcase2" time="20.483"/>
  <system-out/>
  <testcase classname="com.ecommerceDomain.Scripts.TestCase2" name="testcase2" time="19.863"/>
  <system-out/>
  <testcase classname="com.ecommerceDomain.Scripts.TestCase2" name="testcase2" time="27.144"/>
  <system-out/>
  <testcase classname="com.ecommerceDomain.Scripts.TestCase2" name="testcase2" time="20.121"/>
  <system-out/>
</testsuite> <!-- com.ecommerceDomain.Scripts.TestCase2 -->
